<?xml version="1.0" encoding="UTF-8"?>
<!-- Generated by org.testng.reporters.JUnitReportReporter -->
<testsuite skipped="0" hostname="DESKTOP-BP4T90E" name="com.qa.testlayer.CheckSearchPage" tests="2" failures="0" timestamp="30 Dec 2019 04:22:55 GMT" time="0.014" errors="0">
  <testcase name="VerifySearch" time="0.006" classname="com.qa.testlayer.CheckSearchPage"/>
  <testcase name="VerifySearchNew" time="0.008" classname="com.qa.testlayer.CheckSearchPage"/>
</testsuite> <!-- com.qa.testlayer.CheckSearchPage -->
