<?xml version="1.0" encoding="UTF-8"?>
<!-- Generated by org.testng.reporters.JUnitReportReporter -->
<testsuite skipped="0" hostname="DESKTOP-BP4T90E" name="com.qa.testlayer.CheckContactPage" tests="2" failures="0" timestamp="30 Dec 2019 07:45:00 GMT" time="0.003" errors="0">
  <testcase name="VerifyContact" time="0.002" classname="com.qa.testlayer.CheckContactPage"/>
  <testcase name="VerifyContactnew" time="0.001" classname="com.qa.testlayer.CheckContactPage"/>
</testsuite> <!-- com.qa.testlayer.CheckContactPage -->
